Status: FAILED
Time Taken: 132
Size: 0
Timestamp: Wed Oct 02 16:32:33 BST 2013
TestStep: DB_EXECUTE_INSERT_FROM_FILE
Error:org.codehaus.groovy.control.MultipleCompilationErrorsException: startup failed:
Script1.groovy: 19: unable to resolve class com.ibm.fm.soatest.SoaTestingFrameworkComponentType.ComponentOperation
 @ line 19, column 1.
   import static com.ibm.fm.soatest.SoaTestingFrameworkComponentType.ComponentOperation.DB_EXECUTE_INSERT_FROM_FILE
   ^
org.codehaus.groovy.syntax.SyntaxException: unable to resolve class com.ibm.fm.soatest.SoaTestingFrameworkComponentType.ComponentOperation
 @ line 19, column 1.
	at org.codehaus.groovy.ast.ClassCodeVisitorSupport.addError(ClassCodeVisitorSupport.java:148)
	at org.codehaus.groovy.control.ResolveVisitor.visitClass(ResolveVisitor.java:1259)
	at org.codehaus.groovy.control.ResolveVisitor.startResolving(ResolveVisitor.java:148)
	at org.codehaus.groovy.control.CompilationUnit$8.call(CompilationUnit.java:601)
	at org.codehaus.groovy.control.CompilationUnit.applyToSourceUnits(CompilationUnit.java:839)
	at org.codehaus.groovy.control.CompilationUnit.doPhaseOperation(CompilationUnit.java:544)
	at org.codehaus.groovy.control.CompilationUnit.compile(CompilationUnit.java:493)
	at groovy.lang.GroovyClassLoader.doParseClass(GroovyClassLoader.java:306)
	at groovy.lang.GroovyClassLoader.parseClass(GroovyClassLoader.java:287)
	at groovy.lang.GroovyShell.parseClass(GroovyShell.java:731)
	at groovy.lang.GroovyShell.parse(GroovyShell.java:743)
	at groovy.lang.GroovyShell.parse(GroovyShell.java:770)
	at groovy.lang.GroovyShell.parse(GroovyShell.java:761)
	at com.eviware.soapui.support.scripting.groovy.SoapUIGroovyScriptEngine.compile(SoapUIGroovyScriptEngine.java:148)
	at com.eviware.soapui.support.scripting.groovy.SoapUIGroovyScriptEngine.run(SoapUIGroovyScriptEngine.java:93)
	at com.eviware.soapui.support.scripting.groovy.SoapUIProGroovyScriptEngineFactory$SoapUIProGroovyScriptEngine.run(SourceFile:89)
	at com.eviware.soapui.impl.wsdl.teststeps.WsdlGroovyScriptTestStep.run(WsdlGroovyScriptTestStep.java:149)
	at com.eviware.soapui.impl.wsdl.support.AbstractTestCaseRunner.runTestStep(AbstractTestCaseRunner.java:239)
	at com.eviware.soapui.impl.wsdl.testcase.WsdlTestCaseRunner.runCurrentTestStep(WsdlTestCaseRunner.java:48)
	at com.eviware.soapui.impl.wsdl.support.AbstractTestCaseRunner.internalRun(AbstractTestCaseRunner.java:148)
	at com.eviware.soapui.impl.wsdl.support.AbstractTestCaseRunner.internalRun(AbstractTestCaseRunner.java:43)
	at com.eviware.soapui.impl.wsdl.support.AbstractTestRunner.run(AbstractTestRunner.java:135)
	at com.eviware.soapui.impl.wsdl.support.AbstractTestRunner.start(AbstractTestRunner.java:77)
	at com.eviware.soapui.impl.wsdl.testcase.WsdlTestCase.run(WsdlTestCase.java:640)
	at com.eviware.soapui.tools.SoapUITestCaseRunner.runTestCase(SoapUITestCaseRunner.java:598)
	at com.eviware.soapui.SoapUIProTestCaseRunner.runTestCase(SourceFile:198)
	at com.eviware.soapui.tools.SoapUITestCaseRunner.runRunner(SoapUITestCaseRunner.java:395)
	at com.eviware.soapui.tools.AbstractSoapUIRunner.run(AbstractSoapUIRunner.java:158)
	at com.eviware.soapui.tools.AbstractSoapUIRunner.runFromCommandLine(AbstractSoapUIRunner.java:89)
	at com.eviware.soapui.SoapUIProTestCaseRunner.main(SourceFile:58)

1 error


----------------- Messages ------------------------------
org.codehaus.groovy.control.MultipleCompilationErrorsException: startup failed:
Script1.groovy: 19: unable to resolve class com.ibm.fm.soatest.SoaTestingFrameworkComponentType.ComponentOperation
 @ line 19, column 1.
   import static com.ibm.fm.soatest.SoaTestingFrameworkComponentType.ComponentOperation.DB_EXECUTE_INSERT_FROM_FILE
   ^
org.codehaus.groovy.syntax.SyntaxException: unable to resolve class com.ibm.fm.soatest.SoaTestingFrameworkComponentType.ComponentOperation
 @ line 19, column 1.
	at org.codehaus.groovy.ast.ClassCodeVisitorSupport.addError(ClassCodeVisitorSupport.java:148)
	at org.codehaus.groovy.control.ResolveVisitor.visitClass(ResolveVisitor.java:1259)
	at org.codehaus.groovy.control.ResolveVisitor.startResolving(ResolveVisitor.java:148)
	at org.codehaus.groovy.control.CompilationUnit$8.call(CompilationUnit.java:601)
	at org.codehaus.groovy.control.CompilationUnit.applyToSourceUnits(CompilationUnit.java:839)
	at org.codehaus.groovy.control.CompilationUnit.doPhaseOperation(CompilationUnit.java:544)
	at org.codehaus.groovy.control.CompilationUnit.compile(CompilationUnit.java:493)
	at groovy.lang.GroovyClassLoader.doParseClass(GroovyClassLoader.java:306)
	at groovy.lang.GroovyClassLoader.parseClass(GroovyClassLoader.java:287)
	at groovy.lang.GroovyShell.parseClass(GroovyShell.java:731)
	at groovy.lang.GroovyShell.parse(GroovyShell.java:743)
	at groovy.lang.GroovyShell.parse(GroovyShell.java:770)
	at groovy.lang.GroovyShell.parse(GroovyShell.java:761)
	at com.eviware.soapui.support.scripting.groovy.SoapUIGroovyScriptEngine.compile(SoapUIGroovyScriptEngine.java:148)
	at com.eviware.soapui.support.scripting.groovy.SoapUIGroovyScriptEngine.run(SoapUIGroovyScriptEngine.java:93)
	at com.eviware.soapui.support.scripting.groovy.SoapUIProGroovyScriptEngineFactory$SoapUIProGroovyScriptEngine.run(SourceFile:89)
	at com.eviware.soapui.impl.wsdl.teststeps.WsdlGroovyScriptTestStep.run(WsdlGroovyScriptTestStep.java:149)
	at com.eviware.soapui.impl.wsdl.support.AbstractTestCaseRunner.runTestStep(AbstractTestCaseRunner.java:239)
	at com.eviware.soapui.impl.wsdl.testcase.WsdlTestCaseRunner.runCurrentTestStep(WsdlTestCaseRunner.java:48)
	at com.eviware.soapui.impl.wsdl.support.AbstractTestCaseRunner.internalRun(AbstractTestCaseRunner.java:148)
	at com.eviware.soapui.impl.wsdl.support.AbstractTestCaseRunner.internalRun(AbstractTestCaseRunner.java:43)
	at com.eviware.soapui.impl.wsdl.support.AbstractTestRunner.run(AbstractTestRunner.java:135)
	at com.eviware.soapui.impl.wsdl.support.AbstractTestRunner.start(AbstractTestRunner.java:77)
	at com.eviware.soapui.impl.wsdl.testcase.WsdlTestCase.run(WsdlTestCase.java:640)
	at com.eviware.soapui.tools.SoapUITestCaseRunner.runTestCase(SoapUITestCaseRunner.java:598)
	at com.eviware.soapui.SoapUIProTestCaseRunner.runTestCase(SourceFile:198)
	at com.eviware.soapui.tools.SoapUITestCaseRunner.runRunner(SoapUITestCaseRunner.java:395)
	at com.eviware.soapui.tools.AbstractSoapUIRunner.run(AbstractSoapUIRunner.java:158)
	at com.eviware.soapui.tools.AbstractSoapUIRunner.runFromCommandLine(AbstractSoapUIRunner.java:89)
	at com.eviware.soapui.SoapUIProTestCaseRunner.main(SourceFile:58)

1 error

